<?xml version="1.0" encoding="UTF-8"?>
<testng-results skipped="0" failed="0" total="1" passed="1">
  <reporter-output>
  </reporter-output>
  <suite name="Default suite" duration-ms="22483" started-at="2019-02-19T02:53:51Z" finished-at="2019-02-19T02:54:13Z">
    <groups>
    </groups>
    <test name="Default test" duration-ms="22483" started-at="2019-02-19T02:53:51Z" finished-at="2019-02-19T02:54:13Z">
      <class name="Xello.features.Xello.com.TestCases">
        <test-method status="PASS" signature="setup()[pri:0, instance:Xello.features.Xello.com.TestCases@5b275dab]" name="setup" is-config="true" duration-ms="4439" started-at="2019-02-18T21:53:51Z" finished-at="2019-02-18T21:53:55Z">
          <reporter-output>
          </reporter-output>
        </test-method> <!-- setup -->
        <test-method status="PASS" signature="TC10()[pri:0, instance:Xello.features.Xello.com.TestCases@5b275dab]" name="TC10" duration-ms="17371" started-at="2019-02-18T21:53:55Z" finished-at="2019-02-18T21:54:12Z">
          <reporter-output>
          </reporter-output>
        </test-method> <!-- TC10 -->
        <test-method status="PASS" signature="tearDown()[pri:0, instance:Xello.features.Xello.com.TestCases@5b275dab]" name="tearDown" is-config="true" duration-ms="656" started-at="2019-02-18T21:54:12Z" finished-at="2019-02-18T21:54:13Z">
          <reporter-output>
          </reporter-output>
        </test-method> <!-- tearDown -->
      </class> <!-- Xello.features.Xello.com.TestCases -->
    </test> <!-- Default test -->
  </suite> <!-- Default suite -->
</testng-results>
